<?xml version="1.0" encoding="UTF-8"?>
<testsuite xmlns:xsi="http://www.w3.org/2001/XMLSchema-instance" xsi:noNamespaceSchemaLocation="https://maven.apache.org/surefire/maven-surefire-plugin/xsd/surefire-test-report-3.0.xsd" version="3.0" name="org.sakaiproject.modi.LauncherTest" time="15.366" tests="15" errors="0" skipped="0" failures="0">
  <properties>
[...]
</properties>
  <testcase name="givenACompleteLaunch_whenStarting_thenComponentsNamesAreListedInSources" classname="org.sakaiproject.modi.LauncherTest" time="6.696"/>
  <testcase name="givenACompleteLaunch_whenStarting_thenConfigComponentsAndOverridesAreSourced" classname="org.sakaiproject.modi.LauncherTest" time="0.655"/>
  <testcase name="givenDemoModeIsOff_whenStarted_thenDemoFilesAreNotLoaded" classname="org.sakaiproject.modi.LauncherTest" time="0.658"/>
  <testcase name="givenDemoModeIsOn_whenStarted_thenDemoFilesAreLoaded" classname="org.sakaiproject.modi.LauncherTest" time="0.821"/>
  <testcase name="givenALocalSakaiConfigurationXml_whenStarted_thenTheConfigIsApplied" classname="org.sakaiproject.modi.LauncherTest" time="0.812"/>
  <testcase name="givenAComponentOverride_whenStarted_thenTheComponentIsModified" classname="org.sakaiproject.modi.LauncherTest" time="0.862"/>
  <testcase name="givenSeparateComponents_whenStarted_thenTheirBeansAreAllRegistered" classname="org.sakaiproject.modi.LauncherTest" time="0.759"/>
  <testcase name="givenSakaHomeIsSetWithASlash_whenStarted_thenItIsUsedUnchanged" classname="org.sakaiproject.modi.LauncherTest" time="0.547"/>
  <testcase name="givenTwoComponentOverrides_whenStarted_thenBothComponentsAreModified" classname="org.sakaiproject.modi.LauncherTest" time="0.601"/>
  <testcase name="givenSakaHomeIsUnset_whenStarted_thenStartupHappensUnderTomcat" classname="org.sakaiproject.modi.LauncherTest" time="0.534"/>
  <testcase name="givenSakaHomeIsSetWithNoSlash_whenStarted_thenItIsUpdatedWithSlash" classname="org.sakaiproject.modi.LauncherTest" time="0.33"/>
  <testcase name="givenAnExtraneousFileInOverrides_whenStarted_thenItIsNotApplied" classname="org.sakaiproject.modi.LauncherTest" time="0.408"/>
  <testcase name="givenABeanInComponentsXml_whenStarted_thenTheBeanIsInitialized" classname="org.sakaiproject.modi.LauncherTest" time="0.394"/>
  <testcase name="givenSakaHomeIsSetToSomethingMissing_whenStarted_thenItIsCreated" classname="org.sakaiproject.modi.LauncherTest" time="0.398"/>
  <testcase name="givenANormalLaunch_whenStopping_thenTheContextIsClosed" classname="org.sakaiproject.modi.LauncherTest" time="0.379"/>
</testsuite>