<?xml version="1.0" encoding="UTF-8"?>
<testsuite xmlns:xsi="http://www.w3.org/2001/XMLSchema-instance" xsi:noNamespaceSchemaLocation="https://maven.apache.org/surefire/maven-surefire-plugin/xsd/surefire-test-report-3.0.xsd" version="3.0" name="org.sakaiproject.util.RequestFilterTest" time="43.816" tests="8" errors="0" skipped="0" failures="0">
  <properties>
[...]
</properties>
  <testcase name="testAssureSession" classname="org.sakaiproject.util.RequestFilterTest" time="37.146"/>
  <testcase name="testAssureSessionCookieLookup" classname="org.sakaiproject.util.RequestFilterTest" time="0.077"/>
  <testcase name="testAssureSessionAutoParam" classname="org.sakaiproject.util.RequestFilterTest" time="0.008"/>
  <testcase name="testAssureSessionPrincipal" classname="org.sakaiproject.util.RequestFilterTest" time="0.023"/>
  <testcase name="testAssureSessionParameterId" classname="org.sakaiproject.util.RequestFilterTest" time="0.01"/>
  <testcase name="testAssureSessionParameterIdNoUser" classname="org.sakaiproject.util.RequestFilterTest" time="0.007"/>
  <testcase name="testAssureSessionShutdownExisting" classname="org.sakaiproject.util.RequestFilterTest" time="0.075"/>
  <testcase name="testAssureSessionShutdownNew" classname="org.sakaiproject.util.RequestFilterTest" time="0.006"/>
</testsuite>