<?xml version="1.0" encoding="UTF-8"?>
<testsuite xmlns:xsi="http://www.w3.org/2001/XMLSchema-instance" xsi:noNamespaceSchemaLocation="https://maven.apache.org/surefire/maven-surefire-plugin/xsd/surefire-test-report-3.0.xsd" version="3.0" name="org.sakaiproject.util.ZipContentUtilTest" time="1.002" tests="4" errors="0" skipped="4" failures="0">
  <properties>
[...]
</properties>
  <testcase name="testExtractArchive" classname="org.sakaiproject.util.ZipContentUtilTest" time="0">
    <skipped/>
  </testcase>
  <testcase name="testGetZipManifest" classname="org.sakaiproject.util.ZipContentUtilTest" time="0">
    <skipped/>
  </testcase>
  <testcase name="testCompressFolder" classname="org.sakaiproject.util.ZipContentUtilTest" time="0">
    <skipped/>
  </testcase>
  <testcase name="testGetMaxZipExtractSize" classname="org.sakaiproject.util.ZipContentUtilTest" time="0">
    <skipped/>
  </testcase>
</testsuite>